TN:
SF:.eslintrc.cjs
FN:1,(empty-report)
FNF:1
FNH:0
FNDA:0,(empty-report)
DA:1,0
DA:2,0
DA:3,0
DA:4,0
DA:5,0
DA:6,0
DA:7,0
DA:8,0
DA:9,0
DA:10,0
DA:11,0
DA:12,0
DA:13,0
DA:14,0
DA:15,0
DA:16,0
DA:17,0
DA:18,0
DA:19,0
DA:20,0
DA:21,0
DA:22,0
DA:23,0
DA:24,0
DA:25,0
LF:25
LH:0
BRDA:1,0,0,0
BRF:1
BRH:0
end_of_record
TN:
SF:dist/assets/index-Ckf-LoLL.js
FN:1,(empty-report)
FNF:1
FNH:0
FNDA:0,(empty-report)
DA:1,0
DA:2,0
DA:3,0
DA:4,0
DA:5,0
DA:6,0
DA:7,0
DA:8,0
DA:9,0
DA:10,0
DA:11,0
DA:12,0
DA:13,0
DA:14,0
DA:15,0
DA:16,0
DA:17,0
DA:18,0
DA:19,0
DA:20,0
DA:21,0
DA:22,0
DA:23,0
DA:24,0
DA:25,0
DA:26,0
DA:27,0
DA:28,0
DA:29,0
DA:30,0
DA:31,0
DA:32,0
DA:33,0
DA:34,0
DA:35,0
DA:36,0
DA:37,0
DA:38,0
DA:39,0
DA:40,0
DA:41,0
DA:42,0
DA:43,0
DA:44,0
DA:45,0
DA:46,0
DA:47,0
DA:48,0
DA:49,0
DA:50,0
DA:51,0
DA:52,0
LF:52
LH:0
BRDA:1,0,0,0
BRF:1
BRH:0
end_of_record
TN:
SF:src/App.tsx
FN:1,(empty-report)
FNF:1
FNH:0
FNDA:0,(empty-report)
DA:1,0
DA:2,0
DA:3,0
DA:5,0
LF:4
LH:0
BRDA:1,0,0,0
BRF:1
BRH:0
end_of_record
TN:
SF:src/router.tsx
FN:1,(empty-report)
FNF:1
FNH:0
FNDA:0,(empty-report)
DA:1,0
DA:37,0
DA:38,0
DA:39,0
DA:40,0
DA:41,0
DA:42,0
DA:43,0
DA:44,0
DA:45,0
DA:46,0
DA:47,0
DA:49,0
DA:50,0
DA:51,0
DA:52,0
DA:53,0
DA:54,0
DA:55,0
DA:56,0
DA:57,0
DA:58,0
DA:59,0
DA:60,0
DA:61,0
DA:62,0
DA:63,0
DA:64,0
DA:65,0
DA:66,0
DA:67,0
DA:68,0
DA:69,0
DA:70,0
DA:71,0
DA:72,0
DA:73,0
DA:74,0
DA:75,0
DA:76,0
DA:77,0
DA:78,0
DA:79,0
DA:80,0
DA:81,0
DA:82,0
DA:83,0
DA:84,0
DA:85,0
DA:86,0
DA:87,0
DA:88,0
DA:89,0
DA:90,0
DA:91,0
DA:92,0
DA:93,0
DA:94,0
DA:95,0
DA:96,0
DA:97,0
DA:98,0
DA:99,0
DA:100,0
DA:101,0
DA:102,0
DA:103,0
DA:104,0
DA:105,0
DA:106,0
DA:107,0
DA:108,0
DA:109,0
DA:110,0
DA:111,0
DA:112,0
DA:113,0
DA:114,0
DA:115,0
DA:116,0
DA:117,0
DA:118,0
DA:119,0
DA:120,0
DA:121,0
DA:122,0
DA:123,0
DA:124,0
DA:125,0
DA:126,0
DA:127,0
DA:128,0
DA:129,0
DA:130,0
DA:131,0
DA:132,0
DA:133,0
DA:134,0
DA:135,0
DA:136,0
DA:137,0
DA:138,0
DA:139,0
DA:140,0
DA:141,0
DA:142,0
DA:143,0
DA:144,0
DA:145,0
DA:146,0
DA:147,0
DA:148,0
DA:149,0
DA:150,0
DA:151,0
DA:152,0
DA:153,0
DA:154,0
DA:155,0
DA:156,0
DA:157,0
DA:158,0
DA:159,0
DA:160,0
DA:161,0
DA:162,0
DA:163,0
DA:164,0
DA:165,0
DA:166,0
DA:167,0
DA:168,0
DA:169,0
DA:170,0
DA:171,0
DA:172,0
DA:173,0
DA:174,0
DA:175,0
DA:176,0
DA:177,0
DA:178,0
DA:179,0
DA:180,0
DA:181,0
DA:182,0
DA:183,0
DA:184,0
DA:185,0
DA:186,0
DA:187,0
DA:188,0
DA:189,0
DA:190,0
DA:191,0
DA:192,0
DA:193,0
DA:194,0
DA:195,0
DA:196,0
DA:197,0
DA:198,0
DA:199,0
DA:200,0
DA:201,0
DA:202,0
DA:203,0
DA:204,0
DA:205,0
DA:206,0
DA:207,0
DA:208,0
DA:209,0
DA:210,0
DA:211,0
DA:212,0
DA:213,0
DA:214,0
DA:215,0
DA:216,0
DA:217,0
DA:218,0
DA:219,0
DA:220,0
DA:221,0
DA:222,0
DA:223,0
DA:224,0
DA:225,0
DA:226,0
DA:227,0
DA:228,0
DA:229,0
DA:230,0
DA:231,0
DA:232,0
DA:233,0
DA:234,0
DA:235,0
DA:236,0
DA:237,0
DA:238,0
DA:239,0
DA:240,0
DA:241,0
LF:205
LH:0
BRDA:1,0,0,0
BRF:1
BRH:0
end_of_record
TN:
SF:src/api/client.ts
FN:24,apiClient.interceptors.response.use.originalRequest
FNF:1
FNH:0
FNDA:0,apiClient.interceptors.response.use.originalRequest
DA:1,1
DA:3,1
DA:4,1
DA:5,1
DA:6,1
DA:7,1
DA:8,1
DA:10,1
DA:11,1
DA:12,0
DA:13,0
DA:14,0
DA:15,0
DA:16,0
DA:17,0
DA:18,1
DA:19,0
DA:20,0
DA:21,1
DA:23,1
DA:24,1
DA:25,1
DA:26,0
DA:28,0
DA:29,0
DA:30,0
DA:31,0
DA:32,0
DA:33,0
DA:34,0
DA:35,0
DA:36,0
DA:37,0
DA:38,0
DA:39,0
DA:40,0
DA:41,0
DA:42,0
DA:43,0
DA:44,0
DA:45,0
DA:46,0
DA:47,0
DA:48,0
DA:50,0
DA:51,0
DA:52,1
DA:54,1
LF:48
LH:16
BRF:0
BRH:0
end_of_record
TN:
SF:src/api/cluster.ts
FN:1,(empty-report)
FNF:1
FNH:0
FNDA:0,(empty-report)
DA:1,0
DA:7,0
DA:8,0
DA:9,0
DA:10,0
DA:11,0
DA:12,0
DA:13,0
DA:14,0
DA:15,0
DA:16,0
DA:17,0
DA:18,0
DA:20,0
DA:23,0
DA:24,0
DA:25,0
DA:26,0
DA:27,0
DA:28,0
DA:29,0
DA:30,0
DA:31,0
DA:32,0
DA:34,0
DA:39,0
DA:40,0
DA:47,0
DA:49,0
DA:50,0
DA:51,0
DA:52,0
DA:53,0
DA:54,0
DA:55,0
DA:56,0
DA:57,0
DA:58,0
DA:59,0
DA:60,0
DA:61,0
DA:62,0
DA:63,0
DA:64,0
DA:65,0
DA:66,0
DA:68,0
DA:70,0
DA:71,0
DA:72,0
DA:73,0
DA:74,0
DA:76,0
DA:77,0
DA:78,0
DA:79,0
DA:80,0
DA:82,0
DA:85,0
DA:86,0
DA:88,0
DA:89,0
DA:90,0
DA:92,0
DA:93,0
DA:94,0
DA:96,0
DA:97,0
DA:98,0
DA:99,0
DA:100,0
DA:101,0
DA:103,0
DA:104,0
DA:105,0
DA:106,0
DA:107,0
DA:109,0
DA:110,0
DA:111,0
DA:112,0
DA:113,0
DA:115,0
DA:116,0
DA:117,0
DA:118,0
DA:120,0
DA:121,0
DA:122,0
DA:123,0
DA:125,0
DA:126,0
DA:127,0
DA:128,0
DA:129,0
DA:130,0
DA:131,0
LF:97
LH:0
BRDA:1,0,0,0
BRF:1
BRH:0
end_of_record
TN:
SF:src/api/configmap.ts
FN:1,(empty-report)
FNF:1
FNH:0
FNDA:0,(empty-report)
DA:1,0
DA:7,0
DA:14,0
DA:15,0
DA:17,0
DA:18,0
DA:19,0
DA:21,0
DA:22,0
DA:23,0
DA:25,0
DA:26,0
DA:27,0
DA:28,0
DA:29,0
DA:31,0
DA:32,0
DA:33,0
DA:34,0
DA:35,0
DA:36,0
DA:38,0
DA:39,0
DA:40,0
DA:41,0
DA:42,0
DA:43,0
DA:45,0
DA:46,0
DA:47,0
DA:48,0
DA:49,0
DA:50,0
DA:51,0
DA:52,0
DA:53,0
DA:54,0
DA:55,0
DA:56,0
DA:57,0
DA:58,0
DA:59,0
DA:60,0
LF:43
LH:0
BRDA:1,0,0,0
BRF:1
BRH:0
end_of_record
TN:
SF:src/api/daemonset.ts
FN:1,(empty-report)
FNF:1
FNH:0
FNDA:0,(empty-report)
DA:1,0
DA:7,0
DA:14,0
DA:15,0
DA:17,0
DA:18,0
DA:19,0
DA:21,0
DA:22,0
DA:23,0
DA:25,0
DA:26,0
DA:27,0
DA:28,0
DA:29,0
DA:31,0
DA:32,0
DA:33,0
DA:34,0
DA:35,0
DA:36,0
DA:38,0
DA:39,0
DA:40,0
DA:41,0
DA:42,0
DA:43,0
DA:45,0
DA:46,0
DA:47,0
DA:48,0
DA:49,0
DA:50,0
DA:51,0
DA:52,0
DA:53,0
DA:54,0
DA:55,0
DA:56,0
DA:57,0
DA:58,0
DA:59,0
DA:60,0
LF:43
LH:0
BRDA:1,0,0,0
BRF:1
BRH:0
end_of_record
TN:
SF:src/api/deployment.ts
FN:1,(empty-report)
FNF:1
FNH:0
FNDA:0,(empty-report)
DA:1,0
DA:11,0
DA:18,0
DA:19,0
DA:21,0
DA:22,0
DA:23,0
DA:25,0
DA:26,0
DA:27,0
DA:29,0
DA:30,0
DA:31,0
DA:32,0
DA:33,0
DA:35,0
DA:36,0
DA:37,0
DA:38,0
DA:39,0
DA:40,0
DA:42,0
DA:43,0
DA:44,0
DA:45,0
DA:46,0
DA:47,0
DA:48,0
DA:49,0
DA:50,0
DA:51,0
DA:52,0
DA:53,0
DA:54,0
DA:55,0
DA:57,0
DA:58,0
DA:59,0
DA:60,0
DA:61,0
DA:62,0
DA:63,0
DA:64,0
DA:65,0
DA:66,0
DA:67,0
DA:68,0
DA:70,0
DA:71,0
DA:72,0
DA:73,0
DA:74,0
DA:75,0
DA:76,0
DA:77,0
DA:78,0
DA:79,0
DA:80,0
DA:81,0
DA:82,0
DA:83,0
DA:85,0
DA:86,0
DA:87,0
DA:88,0
DA:89,0
DA:90,0
DA:91,0
DA:92,0
DA:93,0
DA:94,0
DA:95,0
DA:96,0
DA:97,0
DA:98,0
DA:100,0
DA:101,0
DA:102,0
DA:103,0
DA:104,0
DA:105,0
DA:107,0
DA:108,0
DA:109,0
DA:110,0
DA:111,0
DA:112,0
DA:113,0
DA:114,0
DA:115,0
DA:116,0
DA:117,0
DA:118,0
DA:119,0
DA:120,0
DA:121,0
DA:122,0
LF:97
LH:0
BRDA:1,0,0,0
BRF:1
BRH:0
end_of_record
TN:
SF:src/api/namespace.ts
FN:1,(empty-report)
FNF:1
FNH:0
FNDA:0,(empty-report)
DA:1,0
DA:7,0
DA:13,0
DA:14,0
DA:16,0
DA:17,0
DA:18,0
DA:20,0
DA:21,0
DA:22,0
DA:23,0
DA:24,0
DA:26,0
DA:27,0
DA:28,0
DA:29,0
DA:30,0
DA:31,0
DA:33,0
DA:34,0
DA:37,0
DA:38,0
DA:39,0
DA:40,0
DA:41,0
DA:42,0
DA:43,0
DA:45,0
DA:46,0
DA:47,0
DA:50,0
DA:51,0
DA:52,0
DA:53,0
DA:54,0
DA:55,0
DA:56,0
DA:58,0
DA:59,0
DA:60,0
DA:61,0
DA:62,0
DA:63,0
DA:64,0
DA:65,0
DA:66,0
DA:67,0
DA:68,0
DA:70,0
DA:71,0
DA:79,0
DA:80,0
DA:89,0
DA:91,0
DA:92,0
DA:93,0
DA:94,0
DA:95,0
DA:96,0
DA:97,0
DA:98,0
DA:99,0
DA:100,0
DA:101,0
DA:102,0
DA:103,0
DA:104,0
DA:106,0
DA:107,0
DA:108,0
DA:113,0
DA:114,0
DA:115,0
DA:116,0
DA:117,0
DA:118,0
DA:119,0
DA:120,0
DA:121,0
DA:122,0
LF:80
LH:0
BRDA:1,0,0,0
BRF:1
BRH:0
end_of_record
TN:
SF:src/api/pod.test.ts
FNF:0
FNH:0
DA:1,1
DA:2,1
DA:4,1
DA:5,1
DA:6,4
DA:7,1
DA:9,1
DA:10,1
DA:11,1
DA:13,1
DA:14,1
DA:15,1
DA:17,1
DA:18,1
DA:19,1
DA:21,1
DA:22,1
DA:23,1
DA:24,1
LF:19
LH:19
BRDA:4,0,0,1
BRDA:5,1,0,4
BRDA:9,2,0,1
BRDA:13,3,0,1
BRDA:17,4,0,1
BRDA:21,5,0,1
BRF:6
BRH:6
end_of_record
TN:
SF:src/api/pod.ts
FN:7,getPods
FN:31,getPod
FN:38,deletePod
FN:45,getPodLogs
FN:77,getPodYaml
FN:94,getPodEvents
FNF:6
FNH:0
FNDA:0,getPods
FNDA:0,getPod
FNDA:0,deletePod
FNDA:0,getPodLogs
FNDA:0,getPodYaml
FNDA:0,getPodEvents
DA:1,1
DA:7,0
DA:14,0
DA:15,0
DA:17,0
DA:18,0
DA:19,0
DA:21,0
DA:22,0
DA:23,0
DA:25,0
DA:26,0
DA:27,0
DA:28,0
DA:29,0
DA:31,0
DA:32,0
DA:33,0
DA:34,0
DA:35,0
DA:36,0
DA:38,0
DA:39,0
DA:40,0
DA:41,0
DA:42,0
DA:43,0
DA:45,0
DA:52,0
DA:53,0
DA:55,0
DA:56,0
DA:57,0
DA:59,0
DA:60,0
DA:61,0
DA:63,0
DA:64,0
DA:65,0
DA:67,0
DA:68,0
DA:69,0
DA:71,0
DA:72,0
DA:73,0
DA:74,0
DA:75,0
DA:77,0
DA:78,0
DA:79,0
DA:80,0
DA:81,0
DA:82,0
DA:83,0
DA:84,0
DA:85,0
DA:86,0
DA:87,0
DA:88,0
DA:89,0
DA:90,0
DA:91,0
DA:92,0
DA:94,0
DA:95,0
DA:96,0
DA:97,0
DA:98,0
DA:99,0
LF:69
LH:1
BRF:0
BRH:0
end_of_record
TN:
SF:src/api/secret.ts
FN:1,(empty-report)
FNF:1
FNH:0
FNDA:0,(empty-report)
DA:1,0
DA:7,0
DA:14,0
DA:15,0
DA:17,0
DA:18,0
DA:19,0
DA:21,0
DA:22,0
DA:23,0
DA:25,0
DA:26,0
DA:27,0
DA:28,0
DA:29,0
DA:31,0
DA:32,0
DA:33,0
DA:34,0
DA:35,0
DA:36,0
DA:38,0
DA:39,0
DA:40,0
DA:41,0
DA:42,0
DA:43,0
DA:45,0
DA:46,0
DA:47,0
DA:48,0
DA:49,0
DA:50,0
DA:51,0
DA:52,0
DA:53,0
DA:54,0
DA:55,0
DA:56,0
DA:57,0
DA:58,0
DA:59,0
DA:60,0
LF:43
LH:0
BRDA:1,0,0,0
BRF:1
BRH:0
end_of_record
TN:
SF:src/api/service.ts
FN:1,(empty-report)
FNF:1
FNH:0
FNDA:0,(empty-report)
DA:1,0
DA:7,0
DA:14,0
DA:15,0
DA:17,0
DA:18,0
DA:19,0
DA:21,0
DA:22,0
DA:23,0
DA:25,0
DA:26,0
DA:27,0
DA:28,0
DA:29,0
DA:31,0
DA:32,0
DA:33,0
DA:34,0
DA:35,0
DA:36,0
DA:38,0
DA:39,0
DA:40,0
DA:41,0
DA:42,0
DA:43,0
DA:45,0
DA:46,0
DA:47,0
DA:48,0
DA:49,0
DA:50,0
DA:51,0
DA:52,0
DA:53,0
DA:54,0
DA:55,0
DA:56,0
DA:57,0
DA:58,0
DA:59,0
DA:60,0
LF:43
LH:0
BRDA:1,0,0,0
BRF:1
BRH:0
end_of_record
TN:
SF:src/api/statefulset.ts
FN:1,(empty-report)
FNF:1
FNH:0
FNDA:0,(empty-report)
DA:1,0
DA:7,0
DA:14,0
DA:15,0
DA:17,0
DA:18,0
DA:19,0
DA:21,0
DA:22,0
DA:23,0
DA:25,0
DA:26,0
DA:27,0
DA:28,0
DA:29,0
DA:31,0
DA:32,0
DA:33,0
DA:34,0
DA:35,0
DA:36,0
DA:38,0
DA:39,0
DA:40,0
DA:41,0
DA:42,0
DA:43,0
DA:44,0
DA:45,0
DA:46,0
DA:47,0
DA:48,0
DA:49,0
DA:50,0
DA:51,0
DA:53,0
DA:54,0
DA:55,0
DA:56,0
DA:57,0
DA:58,0
DA:60,0
DA:61,0
DA:62,0
DA:63,0
DA:64,0
DA:65,0
DA:66,0
DA:67,0
DA:68,0
DA:69,0
DA:70,0
DA:71,0
DA:72,0
DA:73,0
DA:74,0
DA:75,0
LF:57
LH:0
BRDA:1,0,0,0
BRF:1
BRH:0
end_of_record
TN:
SF:src/api/terminal.ts
FN:1,(empty-report)
FNF:1
FNH:0
FNDA:0,(empty-report)
DA:1,0
DA:15,0
DA:19,0
DA:20,0
DA:21,0
DA:22,0
DA:23,0
DA:25,0
DA:26,0
DA:27,0
DA:28,0
DA:29,0
DA:31,0
DA:32,0
DA:33,0
DA:34,0
DA:35,0
DA:36,0
DA:37,0
DA:38,0
DA:39,0
DA:40,0
DA:41,0
DA:42,0
DA:43,0
DA:44,0
DA:45,0
DA:46,0
DA:47,0
DA:48,0
DA:50,0
DA:51,0
DA:52,0
DA:53,0
DA:54,0
DA:55,0
DA:57,0
DA:58,0
DA:59,0
DA:60,0
DA:61,0
DA:62,0
DA:63,0
DA:64,0
DA:65,0
DA:66,0
DA:68,0
DA:69,0
DA:70,0
DA:71,0
DA:72,0
DA:73,0
DA:74,0
DA:75,0
DA:76,0
DA:77,0
DA:79,0
DA:80,0
DA:81,0
DA:82,0
DA:83,0
DA:84,0
DA:93,0
DA:94,0
DA:95,0
DA:96,0
DA:97,0
DA:98,0
DA:99,0
DA:100,0
DA:102,0
DA:104,0
DA:105,0
DA:106,0
DA:108,0
DA:109,0
DA:110,0
DA:111,0
DA:113,0
DA:114,0
DA:115,0
DA:116,0
DA:117,0
DA:119,0
DA:120,0
LF:85
LH:0
BRDA:1,0,0,0
BRF:1
BRH:0
end_of_record
TN:
SF:src/api/workload.ts
FN:1,(empty-report)
FNF:1
FNH:0
FNDA:0,(empty-report)
DA:1,0
DA:16,0
DA:17,0
DA:18,0
DA:19,0
DA:20,0
DA:21,0
DA:22,0
DA:23,0
DA:24,0
DA:25,0
DA:26,0
DA:27,0
DA:28,0
DA:29,0
DA:30,0
DA:31,0
DA:32,0
DA:33,0
DA:34,0
DA:36,0
DA:37,0
DA:38,0
DA:39,0
DA:40,0
DA:41,0
DA:42,0
DA:43,0
DA:44,0
DA:45,0
DA:46,0
DA:47,0
DA:49,0
DA:50,0
DA:51,0
DA:52,0
DA:53,0
DA:54,0
DA:55,0
DA:56,0
DA:57,0
DA:58,0
DA:59,0
DA:60,0
DA:62,0
DA:63,0
DA:64,0
DA:65,0
DA:66,0
DA:67,0
DA:68,0
DA:69,0
DA:70,0
DA:71,0
DA:72,0
DA:73,0
DA:74,0
DA:75,0
DA:77,0
DA:78,0
DA:79,0
DA:80,0
DA:81,0
DA:84,0
DA:85,0
DA:86,0
DA:87,0
DA:88,0
DA:89,0
DA:90,0
DA:91,0
DA:92,0
DA:93,0
DA:94,0
DA:95,0
DA:96,0
DA:97,0
DA:99,0
DA:100,0
DA:101,0
DA:102,0
DA:103,0
DA:104,0
DA:105,0
DA:106,0
DA:107,0
DA:108,0
DA:109,0
DA:110,0
DA:111,0
DA:112,0
DA:113,0
DA:115,0
DA:116,0
DA:117,0
DA:118,0
DA:119,0
DA:120,0
DA:121,0
DA:122,0
DA:123,0
DA:124,0
DA:125,0
DA:126,0
DA:127,0
DA:128,0
DA:129,0
DA:131,0
DA:132,0
DA:133,0
DA:134,0
DA:135,0
DA:136,0
DA:139,0
DA:140,0
DA:141,0
DA:142,0
DA:143,0
DA:144,0
DA:145,0
DA:146,0
DA:147,0
DA:148,0
DA:149,0
DA:150,0
DA:151,0
DA:152,0
DA:154,0
DA:159,0
DA:160,0
DA:161,0
DA:162,0
DA:163,0
DA:164,0
DA:166,0
DA:178,0
DA:179,0
DA:180,0
DA:181,0
DA:182,0
DA:183,0
DA:184,0
DA:185,0
DA:186,0
DA:187,0
DA:188,0
DA:189,0
DA:190,0
DA:191,0
DA:192,0
DA:193,0
DA:194,0
DA:195,0
DA:196,0
DA:197,0
DA:199,0
DA:204,0
DA:205,0
DA:206,0
DA:207,0
DA:208,0
DA:209,0
DA:211,0
DA:223,0
DA:224,0
DA:225,0
DA:226,0
DA:227,0
DA:228,0
DA:229,0
DA:230,0
DA:231,0
DA:232,0
DA:233,0
DA:234,0
DA:235,0
DA:236,0
DA:237,0
DA:238,0
DA:239,0
DA:240,0
DA:241,0
DA:242,0
DA:244,0
DA:248,0
DA:249,0
DA:250,0
DA:251,0
DA:252,0
DA:254,0
DA:266,0
DA:267,0
DA:268,0
DA:269,0
DA:270,0
DA:271,0
DA:272,0
DA:273,0
DA:274,0
DA:275,0
DA:276,0
DA:277,0
DA:278,0
DA:279,0
DA:280,0
DA:281,0
DA:282,0
DA:283,0
DA:284,0
DA:285,0
DA:287,0
DA:288,0
DA:289,0
DA:290,0
DA:291,0
DA:292,0
DA:293,0
DA:294,0
DA:295,0
DA:296,0
DA:297,0
DA:298,0
DA:299,0
DA:300,0
DA:301,0
DA:302,0
DA:303,0
DA:304,0
DA:305,0
DA:306,0
DA:307,0
DA:308,0
DA:310,0
DA:311,0
DA:312,0
DA:313,0
DA:314,0
DA:315,0
DA:316,0
DA:317,0
DA:318,0
DA:319,0
DA:320,0
DA:321,0
LF:244
LH:0
BRDA:1,0,0,0
BRF:1
BRH:0
end_of_record
TN:
SF:src/components/Badge.test.tsx
FNF:0
FNH:0
DA:1,1
DA:2,1
DA:4,1
DA:6,1
DA:7,1
DA:8,1
DA:9,1
DA:10,1
DA:11,1
DA:12,1
DA:14,1
DA:15,1
DA:16,1
DA:17,1
DA:18,1
DA:20,1
DA:21,1
DA:22,1
DA:23,1
DA:24,1
DA:26,1
DA:27,1
DA:28,1
DA:29,1
DA:30,1
DA:32,1
DA:33,1
DA:34,1
DA:35,1
DA:37,1
DA:38,1
DA:39,1
DA:41,1
DA:42,1
DA:43,1
DA:44,1
DA:45,1
DA:46,1
LF:38
LH:38
BRDA:6,0,0,1
BRDA:7,1,0,1
BRDA:14,2,0,1
BRDA:20,3,0,1
BRDA:26,4,0,1
BRDA:32,5,0,1
BRDA:41,6,0,1
BRF:7
BRH:7
end_of_record
TN:
SF:src/components/Badge.tsx
FN:20,Badge
FN:31,BadgeStyles
FNF:2
FNH:1
FNDA:7,Badge
FNDA:0,BadgeStyles
DA:1,1
DA:7,1
DA:8,1
DA:9,1
DA:10,1
DA:11,1
DA:12,1
DA:13,1
DA:14,1
DA:15,1
DA:16,1
DA:17,1
DA:18,1
DA:20,1
DA:21,7
DA:22,7
DA:24,7
DA:25,7
DA:26,7
DA:27,7
DA:29,7
DA:31,1
DA:32,0
DA:33,0
DA:58,0
DA:60,0
LF:26
LH:22
BRDA:20,0,0,7
BRDA:21,1,0,0
BRF:2
BRH:1
end_of_record
TN:
SF:src/components/Button.test.tsx
FNF:0
FNH:0
DA:1,1
DA:2,1
DA:3,1
DA:5,1
DA:7,1
DA:8,1
DA:9,1
DA:10,1
DA:11,1
DA:12,1
DA:14,1
DA:15,1
DA:16,1
DA:18,1
DA:20,1
DA:21,1
DA:22,1
DA:24,1
DA:25,1
DA:26,1
DA:27,1
DA:29,1
DA:30,1
DA:31,1
DA:32,1
DA:33,1
DA:35,1
DA:36,1
DA:37,1
DA:38,1
DA:40,1
DA:41,1
DA:42,1
DA:43,1
DA:44,1
DA:45,1
DA:46,1
LF:37
LH:37
BRDA:7,0,0,1
BRDA:8,1,0,1
BRDA:14,2,0,1
BRDA:24,3,0,1
BRDA:29,4,0,1
BRDA:35,5,0,1
BRDA:40,6,0,1
BRF:7
BRH:7
end_of_record
TN:
SF:src/components/Button.tsx
FN:45,ButtonStyles
FNF:1
FNH:0
FNDA:0,ButtonStyles
DA:1,1
DA:11,1
DA:12,1
DA:13,6
DA:14,6
DA:15,6
DA:16,6
DA:17,6
DA:18,6
DA:19,6
DA:20,6
DA:21,6
DA:22,6
DA:23,6
DA:24,6
DA:25,6
DA:26,6
DA:28,6
DA:29,6
DA:30,6
DA:31,6
DA:32,6
DA:33,6
DA:35,6
DA:36,6
DA:37,6
DA:38,6
DA:40,6
DA:41,1
DA:43,1
DA:45,1
DA:46,0
DA:136,0
LF:33
LH:31
BRDA:12,0,0,6
BRDA:26,1,0,1
BRDA:26,2,0,5
BRDA:32,3,0,5
BRDA:35,4,0,0
BRDA:35,5,0,0
BRDA:36,6,0,1
BRDA:36,7,0,5
BRDA:37,8,0,0
BRDA:37,9,0,0
BRF:10
BRH:6
end_of_record
TN:
SF:src/components/ConfirmationDialog.tsx
FN:1,(empty-report)
FNF:1
FNH:0
FNDA:0,(empty-report)
DA:1,0
DA:15,0
DA:16,0
DA:17,0
DA:18,0
DA:19,0
DA:20,0
DA:21,0
DA:22,0
DA:23,0
DA:24,0
DA:25,0
DA:26,0
DA:27,0
DA:28,0
DA:29,0
DA:31,0
DA:33,0
DA:34,0
DA:35,0
DA:36,0
DA:37,0
DA:38,0
DA:40,0
DA:41,0
DA:42,0
DA:43,0
DA:44,0
DA:45,0
DA:46,0
DA:47,0
DA:49,0
DA:50,0
DA:51,0
DA:52,0
DA:53,0
DA:54,0
DA:55,0
DA:57,0
DA:58,0
DA:59,0
DA:60,0
DA:61,0
DA:63,0
DA:65,0
DA:66,0
DA:67,0
DA:143,0
DA:145,0
LF:49
LH:0
BRDA:1,0,0,0
BRF:1
BRH:0
end_of_record
TN:
SF:src/components/ErrorBoundary.tsx
FN:1,(empty-report)
FNF:1
FNH:0
FNDA:0,(empty-report)
DA:1,0
DA:14,0
DA:17,0
DA:18,0
DA:19,0
DA:20,0
DA:21,0
DA:23,0
DA:24,0
DA:25,0
DA:26,0
DA:27,0
DA:29,0
DA:30,0
DA:32,0
DA:33,0
DA:35,0
DA:36,0
DA:37,0
DA:38,0
DA:39,0
DA:40,0
DA:41,0
DA:42,0
DA:43,0
DA:44,0
DA:45,0
DA:46,0
DA:48,0
DA:49,0
DA:52,0
DA:54,0
DA:55,0
DA:56,0
DA:58,0
DA:59,0
DA:60,0
DA:98,0
DA:100,0
LF:39
LH:0
BRDA:1,0,0,0
BRF:1
BRH:0
end_of_record
TN:
SF:src/components/Input.test.tsx
FNF:0
FNH:0
DA:1,1
DA:2,1
DA:3,1
DA:4,1
DA:6,1
DA:7,1
DA:8,1
DA:9,1
DA:10,1
DA:11,1
DA:13,1
DA:14,1
DA:15,1
DA:16,1
DA:17,1
DA:19,1
DA:20,1
DA:21,1
DA:22,1
DA:23,1
DA:24,1
DA:26,1
DA:27,1
DA:28,1
DA:29,1
DA:31,1
DA:32,1
DA:33,1
DA:34,1
DA:35,1
DA:36,1
DA:37,1
DA:38,1
DA:39,1
DA:40,1
DA:41,1
DA:42,1
DA:44,1
DA:45,1
DA:46,1
DA:47,1
DA:48,1
DA:50,1
DA:51,1
DA:52,1
DA:53,1
DA:54,1
DA:56,1
DA:57,1
DA:58,1
DA:59,1
DA:60,1
DA:62,1
DA:63,1
DA:64,1
DA:65,1
DA:66,1
DA:68,1
DA:69,1
DA:70,1
DA:71,1
DA:72,1
DA:74,1
DA:75,1
DA:76,1
DA:77,1
DA:78,1
DA:79,1
DA:80,1
DA:81,1
DA:82,1
LF:71
LH:71
BRDA:6,0,0,1
BRDA:7,1,0,1
BRDA:13,2,0,1
BRDA:19,3,0,1
BRDA:26,4,0,1
BRDA:31,5,0,1
BRDA:44,6,0,1
BRDA:50,7,0,1
BRDA:56,8,0,1
BRDA:62,9,0,1
BRDA:68,10,0,1
BRDA:74,11,0,1
BRF:12
BRH:12
end_of_record
TN:
SF:src/components/Input.tsx
FN:43,InputStyles
FNF:1
FNH:0
FNDA:0,InputStyles
DA:1,1
DA:10,1
DA:11,1
DA:12,11
DA:13,11
DA:14,11
DA:15,11
DA:16,11
DA:17,11
DA:18,11
DA:19,11
DA:20,11
DA:21,11
DA:22,11
DA:24,11
DA:25,11
DA:26,11
DA:27,11
DA:28,11
DA:29,3
DA:30,3
DA:31,3
DA:32,1
DA:34,3
DA:36,11
DA:38,11
DA:39,1
DA:41,1
DA:43,1
DA:44,0
DA:90,0
LF:31
LH:29
BRDA:11,0,0,11
BRDA:22,1,0,2
BRDA:22,2,0,9
BRDA:22,3,0,1
BRDA:22,4,0,10
BRDA:26,5,0,10
BRDA:28,6,0,9
BRDA:28,7,0,3
BRDA:30,8,0,2
BRDA:31,9,0,2
BRDA:31,10,0,1
BRF:11
BRH:11
end_of_record
TN:
SF:src/components/Modal.test.tsx
FNF:0
FNH:0
DA:1,1
DA:2,1
DA:3,1
DA:4,1
DA:6,1
DA:7,1
DA:9,1
DA:10,12
DA:11,12
DA:12,1
DA:14,1
DA:15,12
DA:16,1
DA:18,1
DA:19,1
DA:20,1
DA:21,1
DA:22,1
DA:23,1
DA:24,1
DA:25,1
DA:27,1
DA:28,1
DA:29,1
DA:30,1
DA:31,1
DA:32,1
DA:34,1
DA:35,1
DA:36,1
DA:38,1
DA:39,1
DA:40,1
DA:41,1
DA:42,1
DA:43,1
DA:45,1
DA:46,1
DA:47,1
DA:49,1
DA:50,1
DA:51,1
DA:52,1
DA:53,1
DA:54,1
DA:56,1
DA:57,1
DA:58,1
DA:60,1
DA:61,1
DA:62,1
DA:63,1
DA:64,1
DA:65,1
DA:67,1
DA:68,1
DA:69,1
DA:71,1
DA:72,1
DA:73,1
DA:74,1
DA:75,1
DA:76,1
DA:78,1
DA:79,1
DA:80,1
DA:82,1
DA:83,1
DA:84,1
DA:85,1
DA:86,1
DA:87,1
DA:88,1
DA:90,1
DA:91,1
DA:92,1
DA:93,1
DA:95,1
DA:96,1
DA:97,1
DA:98,1
DA:99,1
DA:100,1
DA:102,1
DA:103,1
DA:105,1
DA:106,1
DA:107,1
DA:108,1
DA:109,1
DA:110,1
DA:112,1
DA:113,1
DA:115,1
DA:116,1
DA:117,1
DA:118,1
DA:119,1
DA:120,1
DA:122,1
DA:124,1
DA:125,1
DA:126,1
DA:127,1
DA:128,1
DA:130,1
DA:131,1
DA:133,1
DA:134,1
DA:135,1
DA:136,1
DA:137,1
DA:138,1
DA:139,1
DA:141,1
DA:142,1
DA:143,1
DA:144,1
DA:146,1
DA:147,1
DA:148,1
DA:149,1
DA:150,1
DA:151,1
DA:152,1
DA:154,1
DA:155,1
DA:156,1
DA:157,1
DA:158,1
LF:130
LH:130
BRDA:6,0,0,1
BRDA:9,1,0,12
BRDA:14,2,0,12
BRDA:18,3,0,1
BRDA:27,4,0,1
BRDA:38,5,0,1
BRDA:49,6,0,1
BRDA:60,7,0,1
BRDA:71,8,0,1
BRDA:82,9,0,1
BRDA:95,10,0,1
BRDA:105,11,0,1
BRDA:115,12,0,1
BRDA:133,13,0,1
BRDA:146,14,0,1
BRF:15
BRH:15
end_of_record
TN:
SF:src/components/Modal.tsx
FN:12,Modal
FN:37,onClick
FN:53,ModalStyles
FNF:3
FNH:2
FNDA:13,Modal
FNDA:2,onClick
FNDA:0,ModalStyles
DA:1,1
DA:12,1
DA:13,13
DA:14,13
DA:15,13
DA:16,13
DA:17,13
DA:18,13
DA:19,13
DA:20,13
DA:21,13
DA:22,11
DA:23,13
DA:24,2
DA:25,2
DA:26,13
DA:28,13
DA:29,2
DA:30,2
DA:32,11
DA:34,11
DA:35,11
DA:36,11
DA:37,11
DA:38,11
DA:39,11
DA:40,11
DA:41,10
DA:43,10
DA:45,13
DA:46,13
DA:47,13
DA:48,13
DA:49,13
DA:51,13
DA:53,1
DA:54,0
DA:55,0
DA:149,0
DA:151,0
LF:40
LH:36
BRDA:12,0,0,13
BRDA:28,1,0,2
BRDA:30,2,0,11
BRDA:40,3,0,10
BRDA:20,4,0,13
BRDA:21,5,0,11
BRDA:23,6,0,2
BRDA:37,7,0,2
BRF:8
BRH:8
end_of_record
TN:
SF:src/components/ProtectedRoute.tsx
FN:1,(empty-report)
FNF:1
FNH:0
FNDA:0,(empty-report)
DA:1,0
DA:4,0
DA:5,0
DA:6,0
DA:8,0
DA:9,0
DA:10,0
DA:11,0
DA:12,0
DA:13,0
DA:15,0
DA:17,0
DA:18,0
DA:19,0
DA:21,0
DA:22,0
LF:16
LH:0
BRDA:1,0,0,0
BRF:1
BRH:0
end_of_record
TN:
SF:src/components/ResourceYaml.tsx
FN:1,(empty-report)
FNF:1
FNH:0
FNDA:0,(empty-report)
DA:1,0
DA:13,0
DA:14,0
DA:16,0
DA:17,0
DA:18,0
DA:20,0
DA:21,0
DA:22,0
DA:23,0
DA:25,0
DA:26,0
DA:27,0
DA:28,0
DA:29,0
DA:30,0
DA:31,0
DA:32,0
DA:33,0
DA:34,0
DA:35,0
DA:37,0
DA:38,0
DA:39,0
DA:41,0
DA:42,0
DA:44,0
DA:45,0
DA:46,0
DA:47,0
DA:48,0
DA:49,0
DA:50,0
DA:52,0
DA:53,0
DA:54,0
DA:55,0
DA:56,0
DA:57,0
DA:58,0
DA:59,0
DA:60,0
DA:61,0
DA:62,0
DA:63,0
DA:65,0
DA:66,0
DA:67,0
DA:68,0
DA:69,0
DA:70,0
DA:71,0
DA:72,0
DA:73,0
DA:74,0
DA:75,0
DA:76,0
DA:77,0
DA:79,0
DA:81,0
DA:82,0
DA:83,0
DA:85,0
DA:86,0
DA:89,0
DA:90,0
DA:91,0
DA:92,0
DA:95,0
DA:96,0
DA:97,0
DA:98,0
DA:101,0
DA:102,0
DA:103,0
DA:106,0
DA:107,0
DA:108,0
DA:109,0
DA:110,0
DA:113,0
DA:115,0
DA:116,0
DA:117,0
DA:118,0
DA:120,0
DA:123,0
DA:124,0
DA:125,0
DA:126,0
DA:127,0
DA:128,0
DA:131,0
DA:132,0
DA:133,0
DA:134,0
DA:135,0
DA:136,0
DA:139,0
DA:140,0
DA:141,0
DA:142,0
DA:143,0
DA:144,0
DA:147,0
DA:148,0
DA:149,0
DA:150,0
DA:151,0
DA:152,0
DA:155,0
DA:156,0
DA:157,0
DA:158,0
DA:159,0
DA:160,0
DA:163,0
DA:164,0
DA:165,0
DA:166,0
DA:167,0
DA:170,0
DA:171,0
DA:172,0
DA:173,0
DA:176,0
DA:177,0
DA:179,0
DA:180,0
LF:129
LH:0
BRDA:1,0,0,0
BRF:1
BRH:0
end_of_record
TN:
SF:src/components/Select.test.tsx
FNF:0
FNH:0
DA:1,1
DA:2,1
DA:3,1
DA:4,1
DA:6,1
DA:7,1
DA:8,1
DA:9,1
DA:10,1
DA:11,1
DA:12,1
DA:13,1
DA:15,1
DA:16,1
DA:17,1
DA:18,1
DA:20,1
DA:21,1
DA:22,1
DA:23,1
DA:25,1
DA:26,1
DA:27,1
DA:28,1
DA:29,1
DA:30,1
DA:32,1
DA:33,1
DA:34,1
DA:35,1
DA:36,1
DA:38,1
DA:39,1
DA:40,1
DA:41,1
DA:42,1
DA:43,1
DA:44,1
DA:45,1
DA:47,1
DA:48,1
DA:49,1
DA:50,1
DA:51,1
DA:52,1
DA:53,1
DA:54,1
DA:55,1
DA:56,1
DA:58,1
DA:59,1
DA:60,1
DA:61,1
DA:62,1
DA:63,1
DA:64,1
DA:65,1
DA:66,1
DA:68,1
DA:69,1
DA:70,1
DA:71,1
DA:72,1
DA:73,1
DA:74,1
DA:75,1
LF:66
LH:66
BRDA:6,0,0,1
BRDA:7,1,0,1
BRDA:15,2,0,1
BRDA:20,3,0,1
BRDA:25,4,0,1
BRDA:32,5,0,1
BRDA:38,6,0,1
BRDA:47,7,0,1
BRDA:53,8,0,1
BRDA:58,9,0,1
BRDA:68,10,0,1
BRF:11
BRH:11
end_of_record
TN:
SF:src/components/Select.tsx
FN:19,Select
FN:35,handleClickOutside
FN:45,handleToggle
FN:51,handleKeyDown
FN:81,onClick
FN:100,SelectStyles
FNF:6
FNH:4
FNDA:14,Select
FNDA:4,handleClickOutside
FNDA:3,handleToggle
FNDA:0,handleKeyDown
FNDA:1,onClick
FNDA:0,SelectStyles
DA:1,1
DA:19,1
DA:20,14
DA:21,14
DA:22,14
DA:23,14
DA:24,14
DA:25,14
DA:26,14
DA:27,14
DA:28,14
DA:29,14
DA:30,14
DA:32,14
DA:34,14
DA:35,9
DA:36,4
DA:37,1
DA:38,1
DA:39,4
DA:41,9
DA:42,9
DA:43,14
DA:45,14
DA:46,3
DA:47,3
DA:48,3
DA:49,3
DA:51,14
DA:52,0
DA:53,0
DA:54,0
DA:55,0
DA:57,14
DA:59,14
DA:60,14
DA:61,14
DA:62,14
DA:63,14
DA:64,14
DA:65,14
DA:66,14
DA:67,14
DA:68,14
DA:69,14
DA:71,14
DA:72,14
DA:73,14
DA:74,14
DA:75,14
DA:76,3
DA:77,3
DA:78,4
DA:79,4
DA:80,4
DA:81,4
DA:82,1
DA:83,1
DA:84,1
DA:85,1
DA:86,4
DA:87,4
DA:89,4
DA:90,4
DA:91,3
DA:92,3
DA:94,14
DA:95,14
DA:96,14
DA:98,14
DA:100,1
DA:101,0
DA:102,0
DA:201,0
DA:203,0
LF:75
LH:67
BRDA:19,0,0,14
BRDA:57,1,0,1
BRDA:57,2,0,13
BRDA:57,3,0,0
BRDA:57,4,0,3
BRDA:57,5,0,11
BRDA:61,6,0,1
BRDA:72,7,0,1
BRDA:72,8,0,13
BRDA:75,9,0,3
BRDA:95,10,0,1
BRDA:32,11,0,17
BRDA:34,12,0,9
BRDA:35,13,0,4
BRDA:36,14,0,1
BRDA:42,15,0,9
BRDA:45,16,0,3
BRDA:77,17,0,4
BRDA:80,18,0,0
BRDA:81,19,0,1
BRF:20
BRH:18
end_of_record
TN:
SF:src/components/Spinner.test.tsx
FNF:0
FNH:0
DA:1,1
DA:2,1
DA:3,1
DA:5,1
DA:6,1
DA:7,1
DA:8,1
DA:9,1
DA:10,1
DA:11,1
DA:12,1
DA:14,1
DA:15,1
DA:16,1
DA:17,1
DA:18,1
DA:20,1
DA:21,1
DA:22,1
DA:23,1
DA:24,1
DA:25,1
DA:27,1
DA:28,1
DA:29,1
DA:30,1
DA:31,1
DA:32,1
DA:33,1
DA:34,1
DA:36,1
DA:37,1
DA:38,1
DA:39,1
DA:40,1
DA:41,1
DA:42,1
DA:44,1
DA:45,1
DA:46,1
DA:47,1
DA:48,1
DA:49,1
DA:50,1
DA:51,1
LF:45
LH:45
BRDA:5,0,0,1
BRDA:6,1,0,1
BRDA:14,2,0,1
BRDA:20,3,0,1
BRDA:27,4,0,1
BRDA:28,5,0,1
BRDA:36,6,0,1
BRDA:44,7,0,1
BRF:8
BRH:8
end_of_record
TN:
SF:src/components/Spinner.tsx
FN:1,Spinner
FN:9,Loading
FN:18,LoadingStyles
FNF:3
FNH:2
FNDA:6,Spinner
FNDA:3,Loading
FNDA:0,LoadingStyles
DA:1,1
DA:2,6
DA:3,6
DA:4,6
DA:5,6
DA:7,6
DA:9,1
DA:10,3
DA:11,3
DA:12,3
DA:13,3
DA:14,3
DA:16,3
DA:18,1
DA:19,0
DA:20,0
DA:65,0
DA:67,0
LF:18
LH:14
BRDA:1,0,0,6
BRDA:9,1,0,3
BRDA:13,2,0,1
BRF:3
BRH:3
end_of_record
TN:
SF:src/components/Table.tsx
FN:1,(empty-report)
FNF:1
FNH:0
FNDA:0,(empty-report)
DA:1,0
DA:20,0
DA:21,0
DA:22,0
DA:23,0
DA:24,0
DA:25,0
DA:26,0
DA:27,0
DA:28,0
DA:29,0
DA:30,0
DA:31,0
DA:33,0
DA:34,0
DA:35,0
DA:36,0
DA:38,0
DA:39,0
DA:40,0
DA:42,0
DA:43,0
DA:44,0
DA:45,0
DA:46,0
DA:47,0
DA:48,0
DA:49,0
DA:50,0
DA:52,0
DA:53,0
DA:55,0
DA:56,0
DA:57,0
DA:58,0
DA:59,0
DA:61,0
DA:62,0
DA:64,0
DA:65,0
DA:66,0
DA:68,0
DA:69,0
DA:71,0
DA:72,0
DA:73,0
DA:74,0
DA:75,0
DA:76,0
DA:77,0
DA:78,0
DA:79,0
DA:80,0
DA:81,0
DA:84,0
DA:85,0
DA:86,0
DA:88,0
DA:89,0
DA:90,0
DA:91,0
DA:92,0
DA:93,0
DA:94,0
DA:95,0
DA:96,0
DA:97,0
DA:98,0
DA:99,0
DA:100,0
DA:101,0
DA:102,0
DA:103,0
DA:104,0
DA:106,0
DA:107,0
DA:108,0
DA:109,0
DA:110,0
DA:112,0
DA:113,0
DA:114,0
DA:115,0
DA:116,0
DA:117,0
DA:118,0
DA:120,0
DA:121,0
DA:122,0
DA:124,0
DA:126,0
DA:127,0
DA:128,0
DA:207,0
DA:209,0
LF:95
LH:0
BRDA:1,0,0,0
BRF:1
BRH:0
end_of_record
TN:
SF:src/components/Terminal.tsx
FN:1,(empty-report)
FNF:1
FNH:0
FNDA:0,(empty-report)
DA:1,0
DA:30,0
DA:33,0
DA:34,0
DA:35,0
DA:36,0
DA:37,0
DA:38,0
DA:39,0
DA:40,0
DA:41,0
DA:42,0
DA:43,0
DA:44,0
DA:45,0
DA:46,0
DA:47,0
DA:48,0
DA:49,0
DA:50,0
DA:51,0
DA:52,0
DA:53,0
DA:54,0
DA:55,0
DA:56,0
DA:57,0
DA:58,0
DA:59,0
DA:60,0
DA:61,0
DA:62,0
DA:63,0
DA:64,0
DA:65,0
DA:66,0
DA:67,0
DA:68,0
DA:69,0
DA:70,0
DA:71,0
DA:72,0
DA:73,0
DA:74,0
DA:75,0
DA:76,0
DA:77,0
DA:78,0
DA:79,0
DA:80,0
DA:81,0
DA:82,0
DA:83,0
DA:84,0
DA:85,0
DA:86,0
DA:88,0
DA:90,0
DA:91,0
DA:92,0
DA:93,0
DA:94,0
DA:95,0
DA:96,0
DA:97,0
DA:98,0
DA:99,0
DA:100,0
DA:101,0
DA:102,0
DA:103,0
DA:104,0
DA:105,0
DA:106,0
DA:108,0
DA:109,0
DA:110,0
DA:111,0
DA:112,0
DA:113,0
DA:114,0
DA:115,0
DA:116,0
DA:117,0
DA:120,0
DA:121,0
DA:122,0
DA:123,0
DA:124,0
DA:125,0
DA:126,0
DA:127,0
DA:128,0
DA:131,0
DA:132,0
DA:133,0
DA:134,0
DA:135,0
DA:136,0
DA:137,0
DA:138,0
DA:139,0
DA:142,0
DA:143,0
DA:144,0
DA:145,0
DA:146,0
DA:147,0
DA:148,0
DA:149,0
DA:150,0
DA:151,0
DA:152,0
DA:153,0
DA:154,0
DA:155,0
DA:156,0
DA:157,0
DA:158,0
DA:159,0
DA:160,0
DA:161,0
DA:162,0
DA:163,0
DA:164,0
DA:165,0
DA:166,0
DA:167,0
DA:168,0
DA:169,0
DA:170,0
DA:171,0
DA:172,0
DA:174,0
DA:175,0
DA:176,0
DA:177,0
DA:178,0
DA:179,0
DA:180,0
DA:181,0
DA:184,0
DA:185,0
DA:186,0
DA:187,0
DA:188,0
DA:189,0
DA:190,0
DA:191,0
DA:193,0
DA:194,0
DA:195,0
DA:196,0
DA:198,0
DA:199,0
DA:200,0
DA:202,0
DA:203,0
DA:204,0
DA:205,0
DA:208,0
DA:209,0
DA:210,0
DA:211,0
DA:214,0
DA:215,0
DA:216,0
DA:217,0
DA:218,0
DA:219,0
DA:220,0
DA:221,0
DA:222,0
DA:223,0
DA:224,0
DA:225,0
DA:226,0
DA:227,0
DA:230,0
DA:231,0
DA:232,0
DA:233,0
DA:234,0
DA:237,0
DA:238,0
DA:239,0
DA:240,0
DA:241,0
DA:242,0
DA:245,0
DA:246,0
DA:247,0
DA:248,0
DA:249,0
DA:250,0
DA:251,0
DA:252,0
DA:253,0
DA:254,0
DA:257,0
DA:258,0
DA:259,0
DA:260,0
DA:261,0
DA:262,0
DA:263,0
DA:264,0
DA:265,0
DA:266,0
DA:267,0
DA:268,0
DA:271,0
DA:272,0
DA:273,0
DA:274,0
DA:275,0
DA:276,0
DA:277,0
DA:278,0
DA:279,0
DA:280,0
DA:281,0
DA:282,0
DA:283,0
DA:286,0
DA:287,0
DA:289,0
DA:290,0
DA:291,0
DA:292,0
DA:293,0
DA:294,0
DA:295,0
DA:296,0
DA:298,0
DA:299,0
DA:301,0
DA:302,0
DA:304,0
DA:305,0
DA:307,0
DA:308,0
DA:309,0
DA:312,0
DA:313,0
DA:316,0
DA:318,0
DA:319,0
DA:321,0
DA:322,0
DA:324,0
DA:325,0
DA:326,0
DA:327,0
DA:329,0
DA:330,0
DA:331,0
DA:332,0
DA:334,0
DA:335,0
DA:337,0
DA:338,0
DA:339,0
DA:340,0
DA:341,0
DA:344,0
DA:345,0
DA:346,0
DA:347,0
DA:348,0
DA:351,0
DA:353,0
DA:356,0
DA:357,0
DA:358,0
DA:359,0
DA:361,0
DA:362,0
DA:363,0
DA:364,0
DA:365,0
DA:368,0
DA:369,0
DA:370,0
DA:371,0
DA:372,0
DA:373,0
DA:374,0
DA:376,0
DA:377,0
DA:378,0
DA:379,0
DA:382,0
DA:383,0
DA:384,0
DA:385,0
DA:386,0
DA:389,0
DA:390,0
DA:391,0
DA:392,0
DA:393,0
DA:396,0
DA:397,0
DA:398,0
DA:399,0
DA:400,0
DA:401,0
DA:402,0
DA:403,0
DA:406,0
DA:407,0
DA:408,0
DA:409,0
DA:410,0
DA:411,0
DA:412,0
DA:413,0
DA:414,0
DA:415,0
DA:416,0
DA:417,0
DA:419,0
DA:420,0
DA:422,0
DA:423,0
DA:425,0
DA:426,0
DA:427,0
DA:428,0
DA:429,0
DA:430,0
DA:431,0
DA:432,0
DA:433,0
DA:436,0
DA:437,0
DA:438,0
DA:439,0
DA:440,0
DA:441,0
DA:442,0
DA:443,0
DA:444,0
DA:445,0
DA:446,0
DA:447,0
DA:448,0
DA:451,0
DA:452,0
DA:454,0
DA:456,0
DA:457,0
DA:458,0
DA:459,0
DA:460,0
DA:461,0
DA:462,0
DA:463,0
DA:464,0
DA:465,0
DA:466,0
DA:469,0
DA:470,0
DA:471,0
DA:472,0
DA:473,0
DA:474,0
DA:476,0
DA:477,0
DA:478,0
DA:479,0
DA:480,0
DA:481,0
DA:482,0
DA:484,0
DA:487,0
DA:488,0
DA:489,0
DA:490,0
DA:491,0
DA:492,0
DA:494,0
DA:497,0
DA:498,0
DA:499,0
DA:500,0
DA:501,0
DA:502,0
DA:504,0
DA:507,0
DA:508,0
DA:509,0
DA:510,0
DA:511,0
DA:512,0
DA:514,0
DA:517,0
DA:518,0
DA:519,0
DA:520,0
DA:521,0
DA:522,0
DA:524,0
DA:527,0
DA:528,0
DA:529,0
DA:530,0
DA:531,0
DA:532,0
DA:534,0
DA:537,0
DA:539,0
DA:540,0
DA:541,0
DA:544,0
DA:545,0
DA:546,0
DA:547,0
DA:548,0
DA:549,0
DA:550,0
DA:551,0
DA:552,0
DA:553,0
DA:554,0
DA:555,0
DA:556,0
DA:557,0
DA:558,0
DA:559,0
DA:560,0
DA:562,0
DA:563,0
DA:565,0
DA:566,0
DA:568,0
DA:569,0
DA:573,0
DA:574,0
DA:576,0
LF:441
LH:0
BRDA:1,0,0,0
BRF:1
BRH:0
end_of_record
TN:
SF:src/components/Toast.test.tsx
FN:1,(empty-report)
FNF:1
FNH:0
FNDA:0,(empty-report)
DA:1,0
DA:2,0
DA:3,0
DA:5,0
DA:6,0
DA:7,0
DA:8,0
DA:10,0
DA:11,0
DA:12,0
DA:13,0
DA:15,0
DA:16,0
DA:17,0
DA:19,0
DA:20,0
DA:21,0
DA:22,0
DA:23,0
DA:24,0
DA:26,0
DA:27,0
DA:28,0
DA:29,0
DA:30,0
DA:32,0
DA:33,0
DA:34,0
DA:36,0
DA:37,0
DA:38,0
DA:39,0
DA:40,0
DA:41,0
DA:43,0
DA:44,0
DA:45,0
DA:46,0
DA:47,0
DA:49,0
DA:50,0
DA:51,0
DA:53,0
DA:54,0
DA:55,0
DA:56,0
DA:57,0
DA:58,0
DA:60,0
DA:61,0
DA:62,0
DA:63,0
DA:64,0
DA:66,0
DA:67,0
DA:68,0
DA:70,0
DA:71,0
DA:72,0
DA:73,0
DA:74,0
DA:75,0
DA:77,0
DA:78,0
DA:79,0
DA:80,0
DA:81,0
DA:83,0
DA:84,0
DA:85,0
DA:87,0
DA:88,0
DA:89,0
DA:90,0
DA:91,0
DA:92,0
DA:94,0
DA:95,0
DA:96,0
DA:97,0
DA:98,0
DA:100,0
DA:102,0
DA:104,0
DA:105,0
DA:107,0
DA:108,0
DA:110,0
DA:111,0
DA:112,0
DA:113,0
DA:114,0
DA:116,0
DA:117,0
DA:118,0
DA:119,0
DA:120,0
DA:122,0
DA:123,0
DA:124,0
DA:125,0
DA:126,0
LF:102
LH:0
BRDA:1,0,0,0
BRF:1
BRH:0
end_of_record
TN:
SF:src/components/Toast.tsx
FN:1,(empty-report)
FNF:1
FNH:0
FNDA:0,(empty-report)
DA:1,0
DA:14,0
DA:16,0
DA:18,0
DA:19,0
DA:21,0
DA:23,0
DA:24,0
DA:25,0
DA:26,0
DA:28,0
DA:29,0
DA:30,0
DA:32,0
DA:33,0
DA:34,0
DA:35,0
DA:36,0
DA:38,0
DA:39,0
DA:40,0
DA:42,0
DA:43,0
DA:44,0
DA:45,0
DA:46,0
DA:47,0
DA:48,0
DA:49,0
DA:50,0
DA:51,0
DA:52,0
DA:53,0
DA:55,0
DA:56,0
DA:57,0
DA:58,0
DA:59,0
DA:60,0
DA:61,0
DA:63,0
DA:64,0
DA:65,0
DA:66,0
DA:67,0
DA:69,0
DA:71,0
DA:72,0
DA:73,0
DA:74,0
DA:75,0
DA:76,0
DA:77,0
DA:79,0
DA:80,0
DA:81,0
DA:82,0
DA:83,0
DA:84,0
DA:85,0
DA:86,0
DA:87,0
DA:89,0
DA:90,0
DA:91,0
DA:170,0
DA:172,0
LF:67
LH:0
BRDA:1,0,0,0
BRF:1
BRH:0
end_of_record
TN:
SF:src/components/YamlEditor.tsx
FN:1,(empty-report)
FNF:1
FNH:0
FNDA:0,(empty-report)
DA:1,0
DA:42,0
DA:43,0
DA:44,0
DA:45,0
DA:46,0
DA:59,0
DA:60,0
DA:61,0
DA:62,0
DA:63,0
DA:64,0
DA:95,0
DA:96,0
DA:97,0
DA:98,0
DA:99,0
DA:100,0
DA:114,0
DA:115,0
DA:116,0
DA:117,0
DA:118,0
DA:119,0
DA:132,0
DA:133,0
DA:134,0
DA:135,0
DA:136,0
DA:137,0
DA:147,0
DA:148,0
DA:149,0
DA:154,0
DA:155,0
DA:156,0
DA:157,0
DA:158,0
DA:159,0
DA:160,0
DA:161,0
DA:162,0
DA:163,0
DA:164,0
DA:165,0
DA:168,0
DA:170,0
DA:171,0
DA:172,0
DA:173,0
DA:174,0
DA:176,0
DA:177,0
DA:178,0
DA:179,0
DA:180,0
DA:181,0
DA:182,0
DA:183,0
DA:186,0
DA:187,0
DA:188,0
DA:189,0
DA:190,0
DA:191,0
DA:192,0
DA:193,0
DA:194,0
DA:197,0
DA:198,0
DA:199,0
DA:200,0
DA:201,0
DA:202,0
DA:203,0
DA:204,0
DA:207,0
DA:208,0
DA:211,0
DA:212,0
DA:215,0
DA:218,0
DA:223,0
DA:224,0
DA:225,0
DA:226,0
DA:227,0
DA:228,0
DA:229,0
DA:230,0
DA:231,0
DA:232,0
DA:233,0
DA:234,0
DA:235,0
DA:236,0
DA:237,0
DA:238,0
DA:240,0
DA:241,0
DA:246,0
DA:247,0
DA:248,0
DA:249,0
DA:250,0
DA:251,0
DA:252,0
DA:253,0
DA:258,0
DA:259,0
DA:260,0
DA:261,0
DA:262,0
DA:263,0
DA:264,0
DA:265,0
DA:266,0
DA:271,0
DA:272,0
DA:273,0
DA:276,0
DA:279,0
DA:280,0
DA:281,0
DA:282,0
DA:283,0
DA:284,0
DA:285,0
DA:286,0
DA:287,0
DA:288,0
DA:289,0
DA:290,0
DA:291,0
DA:292,0
DA:293,0
DA:294,0
DA:295,0
DA:296,0
DA:297,0
DA:298,0
DA:299,0
DA:300,0
DA:301,0
DA:302,0
DA:305,0
DA:306,0
DA:307,0
DA:308,0
DA:309,0
DA:310,0
DA:311,0
DA:312,0
DA:315,0
DA:317,0
DA:318,0
DA:319,0
DA:320,0
DA:321,0
DA:322,0
DA:323,0
DA:324,0
DA:325,0
DA:326,0
DA:327,0
DA:328,0
DA:329,0
DA:330,0
DA:331,0
DA:332,0
DA:334,0
DA:335,0
DA:336,0
DA:341,0
DA:342,0
DA:343,0
DA:344,0
DA:345,0
DA:346,0
DA:347,0
DA:348,0
DA:349,0
DA:350,0
DA:351,0
DA:353,0
DA:354,0
DA:355,0
DA:356,0
DA:361,0
DA:362,0
DA:363,0
DA:364,0
DA:365,0
DA:366,0
DA:371,0
DA:372,0
DA:373,0
DA:374,0
DA:375,0
DA:376,0
DA:377,0
DA:378,0
DA:379,0
DA:380,0
DA:381,0
DA:382,0
DA:383,0
DA:384,0
DA:385,0
DA:386,0
DA:387,0
DA:388,0
DA:389,0
DA:390,0
DA:391,0
DA:392,0
DA:393,0
DA:394,0
DA:399,0
DA:404,0
DA:405,0
DA:406,0
DA:407,0
DA:408,0
DA:410,0
DA:412,0
DA:414,0
DA:415,0
DA:416,0
DA:417,0
DA:418,0
DA:420,0
DA:422,0
DA:423,0
DA:424,0
DA:425,0
DA:426,0
DA:428,0
DA:430,0
DA:431,0
DA:433,0
DA:435,0
DA:437,0
DA:438,0
DA:439,0
DA:440,0
DA:443,0
DA:445,0
DA:446,0
DA:447,0
DA:448,0
DA:449,0
DA:450,0
DA:452,0
DA:453,0
DA:454,0
DA:455,0
DA:456,0
DA:457,0
DA:458,0
DA:459,0
DA:462,0
DA:463,0
DA:464,0
DA:465,0
DA:466,0
DA:467,0
DA:468,0
DA:470,0
DA:471,0
DA:472,0
DA:473,0
DA:474,0
DA:475,0
DA:476,0
DA:478,0
DA:479,0
DA:480,0
DA:481,0
DA:482,0
DA:483,0
DA:484,0
DA:485,0
DA:486,0
DA:487,0
DA:489,0
DA:492,0
DA:493,0
DA:494,0
DA:495,0
DA:496,0
DA:497,0
DA:498,0
DA:500,0
DA:501,0
DA:502,0
DA:503,0
DA:504,0
DA:505,0
DA:506,0
DA:508,0
DA:509,0
DA:510,0
DA:511,0
DA:512,0
DA:513,0
DA:514,0
DA:516,0
DA:517,0
DA:520,0
DA:521,0
DA:522,0
DA:523,0
DA:524,0
DA:525,0
DA:527,0
DA:528,0
DA:531,0
DA:532,0
DA:533,0
DA:534,0
DA:535,0
DA:536,0
DA:537,0
DA:539,0
DA:540,0
DA:541,0
DA:542,0
DA:543,0
DA:544,0
DA:545,0
DA:547,0
DA:548,0
DA:551,0
DA:552,0
DA:553,0
DA:554,0
DA:555,0
DA:556,0
DA:557,0
DA:559,0
DA:560,0
DA:561,0
DA:562,0
DA:563,0
DA:564,0
DA:566,0
DA:567,0
DA:570,0
DA:571,0
DA:572,0
DA:573,0
DA:574,0
DA:575,0
DA:576,0
DA:577,0
DA:579,0
DA:580,0
DA:581,0
DA:582,0
DA:583,0
DA:584,0
DA:585,0
DA:587,0
DA:588,0
DA:589,0
DA:592,0
DA:593,0
DA:594,0
DA:595,0
DA:596,0
DA:597,0
DA:598,0
DA:599,0
DA:600,0
DA:601,0
DA:602,0
DA:603,0
DA:604,0
DA:605,0
DA:606,0
DA:607,0
DA:608,0
DA:609,0
DA:610,0
DA:611,0
DA:612,0
DA:613,0
DA:614,0
DA:615,0
DA:616,0
DA:617,0
DA:618,0
DA:619,0
DA:620,0
DA:622,0
DA:623,0
DA:624,0
DA:625,0
DA:626,0
DA:627,0
DA:628,0
DA:630,0
DA:631,0
DA:632,0
DA:633,0
DA:634,0
DA:636,0
DA:637,0
DA:641,0
DA:642,0
DA:643,0
DA:644,0
DA:645,0
DA:646,0
DA:647,0
DA:648,0
DA:649,0
DA:650,0
DA:651,0
DA:652,0
DA:653,0
DA:654,0
DA:655,0
DA:656,0
DA:657,0
DA:658,0
DA:659,0
DA:660,0
DA:661,0
DA:662,0
DA:663,0
DA:664,0
DA:665,0
DA:666,0
DA:667,0
DA:668,0
DA:670,0
DA:671,0
DA:675,0
DA:676,0
DA:677,0
DA:678,0
DA:679,0
DA:680,0
DA:681,0
DA:682,0
DA:683,0
DA:684,0
DA:685,0
DA:686,0
DA:687,0
DA:688,0
DA:689,0
DA:690,0
DA:691,0
DA:692,0
DA:693,0
DA:694,0
DA:695,0
DA:696,0
DA:697,0
DA:698,0
DA:699,0
DA:700,0
DA:702,0
DA:703,0
DA:704,0
DA:705,0
DA:706,0
DA:707,0
DA:708,0
DA:709,0
DA:710,0
DA:711,0
DA:712,0
DA:713,0
DA:714,0
DA:715,0
DA:716,0
DA:717,0
DA:718,0
DA:719,0
DA:720,0
DA:721,0
DA:724,0
DA:725,0
DA:726,0
DA:727,0
DA:728,0
DA:729,0
DA:730,0
DA:731,0
DA:733,0
DA:735,0
LF:495
LH:0
BRDA:1,0,0,0
BRF:1
BRH:0
end_of_record
TN:
SF:src/hooks/useApi.test.tsx
FN:7,wrapper
FN:25,__vite_ssr_import_2__.renderHook.wrapper.wrapper
FN:40,__vite_ssr_import_2__.renderHook.wrapper.wrapper
FN:49,__vite_ssr_import_2__.renderHook.wrapper.wrapper
FN:52,__vite_ssr_import_2__.waitFor.timeout
FN:70,__vite_ssr_import_2__.renderHook.wrapper.wrapper
FN:73,__vite_ssr_import_2__.waitFor.timeout
FN:90,__vite_ssr_import_2__.renderHook.wrapper.wrapper
FN:93,__vite_ssr_import_2__.waitFor.timeout
FNF:9
FNH:9
FNDA:5,wrapper
FNDA:2,__vite_ssr_import_2__.renderHook.wrapper.wrapper
FNDA:1,__vite_ssr_import_2__.renderHook.wrapper.wrapper
FNDA:2,__vite_ssr_import_2__.renderHook.wrapper.wrapper
FNDA:139,__vite_ssr_import_2__.waitFor.timeout
FNDA:2,__vite_ssr_import_2__.renderHook.wrapper.wrapper
FNDA:140,__vite_ssr_import_2__.waitFor.timeout
FNDA:2,__vite_ssr_import_2__.renderHook.wrapper.wrapper
FNDA:140,__vite_ssr_import_2__.waitFor.timeout
DA:1,1
DA:2,1
DA:3,1
DA:5,1
DA:7,1
DA:8,5
DA:9,5
DA:10,5
DA:11,5
DA:12,5
DA:13,5
DA:14,5
DA:15,5
DA:17,1
DA:18,1
DA:19,5
DA:20,1
DA:22,1
DA:23,1
DA:24,1
DA:25,1
DA:27,1
DA:28,2
DA:29,2
DA:30,2
DA:31,1
DA:33,1
DA:34,1
DA:36,1
DA:37,1
DA:38,1
DA:39,1
DA:40,1
DA:42,1
DA:43,1
DA:44,1
DA:45,1
DA:47,1
DA:48,1
DA:49,1
DA:51,1
DA:52,1
DA:53,139
DA:54,139
DA:55,139
DA:56,139
DA:57,1
DA:58,1
DA:60,1
DA:61,1
DA:63,1
DA:64,1
DA:65,1
DA:66,1
DA:67,1
DA:68,1
DA:70,1
DA:72,1
DA:73,1
DA:74,140
DA:75,140
DA:76,140
DA:77,140
DA:78,140
DA:79,1
DA:80,1
DA:81,1
DA:83,1
DA:84,1
DA:85,1
DA:86,1
DA:87,1
DA:88,1
DA:90,1
DA:92,1
DA:93,1
DA:94,140
DA:95,140
DA:96,140
DA:97,140
DA:98,1
DA:99,1
DA:100,1
DA:101,1
LF:84
LH:84
BRDA:7,0,0,5
BRDA:17,1,0,1
BRDA:18,2,0,5
BRDA:22,3,0,1
BRDA:25,4,0,2
BRDA:27,5,0,2
BRDA:36,6,0,1
BRDA:38,7,0,1
BRDA:38,8,0,1
BRDA:40,9,0,1
BRDA:47,10,0,1
BRDA:49,11,0,2
BRDA:52,12,0,139
BRDA:63,13,0,1
BRDA:70,14,0,2
BRDA:73,15,0,140
BRDA:83,16,0,1
BRDA:90,17,0,2
BRDA:93,18,0,140
BRF:19
BRH:19
end_of_record
TN:
SF:src/hooks/useApi.ts
FN:4,useApiQuery
FN:16,useApiMutation
FN:34,useApiInfiniteQuery
FNF:3
FNH:1
FNDA:9,useApiQuery
FNDA:0,useApiMutation
FNDA:0,useApiInfiniteQuery
DA:1,1
DA:4,1
DA:5,9
DA:6,9
DA:7,9
DA:8,9
DA:9,9
DA:10,9
DA:11,9
DA:12,9
DA:13,9
DA:14,9
DA:16,1
DA:17,0
DA:18,0
DA:22,0
DA:23,0
DA:24,0
DA:25,0
DA:26,0
DA:27,0
DA:28,0
DA:29,0
DA:30,0
DA:31,0
DA:32,0
DA:34,1
DA:35,0
DA:36,0
DA:40,0
DA:47,0
DA:48,0
DA:49,0
DA:50,0
DA:51,0
DA:52,0
DA:53,0
LF:37
LH:14
BRDA:4,0,0,9
BRF:1
BRH:1
end_of_record
TN:
SF:src/utils/apiResponse.test.ts
FNF:0
FNH:0
DA:1,1
DA:11,1
DA:12,1
DA:14,1
DA:15,1
DA:16,1
DA:17,1
DA:18,1
DA:19,1
DA:20,1
DA:22,1
DA:23,1
DA:24,1
DA:25,1
DA:26,1
DA:28,1
DA:29,1
DA:30,1
DA:31,1
DA:32,1
DA:34,1
DA:35,1
DA:36,1
DA:37,1
DA:38,1
DA:39,1
DA:41,1
DA:42,1
DA:43,1
DA:44,1
DA:45,1
DA:46,1
DA:48,1
DA:49,1
DA:50,1
DA:51,1
DA:52,1
DA:54,1
DA:55,1
DA:56,1
DA:57,1
DA:58,1
DA:60,1
DA:61,1
DA:62,1
DA:63,1
DA:64,1
DA:66,1
DA:67,1
DA:68,1
DA:69,1
DA:70,1
DA:71,1
DA:73,1
DA:74,1
DA:75,1
DA:76,1
DA:77,1
DA:79,1
DA:80,1
DA:81,1
DA:83,1
DA:84,1
DA:85,1
DA:86,1
DA:88,1
DA:89,1
DA:90,1
DA:91,1
DA:93,1
DA:94,1
DA:95,1
DA:96,1
DA:97,1
DA:99,1
DA:100,1
DA:101,1
DA:102,1
DA:104,1
DA:105,1
DA:106,1
DA:107,1
DA:109,1
DA:110,1
DA:111,1
DA:112,1
DA:113,1
DA:115,1
DA:116,1
DA:117,1
DA:118,1
DA:120,1
DA:121,1
DA:122,1
DA:123,1
DA:125,1
DA:126,1
DA:127,1
DA:128,1
DA:130,1
DA:131,1
DA:132,1
DA:133,1
DA:135,1
DA:136,1
DA:137,1
DA:138,1
DA:140,1
DA:141,1
DA:142,1
DA:143,1
DA:145,1
DA:146,1
DA:147,1
DA:148,1
DA:149,1
DA:151,1
DA:152,1
DA:153,1
DA:154,1
DA:156,1
DA:157,1
DA:158,1
DA:159,1
DA:163,1
DA:164,1
DA:165,1
DA:166,1
DA:168,1
DA:169,1
DA:170,1
DA:171,1
DA:172,1
DA:173,1
DA:174,1
DA:175,1
DA:176,1
DA:177,1
DA:178,1
DA:180,1
DA:181,1
DA:182,1
DA:183,1
DA:184,1
DA:186,1
DA:187,1
DA:188,1
DA:189,1
DA:190,1
DA:192,1
DA:193,1
DA:194,1
DA:195,1
DA:196,1
DA:198,1
DA:199,1
DA:200,1
DA:201,1
DA:202,1
DA:203,1
DA:205,1
DA:206,1
DA:207,1
DA:208,1
DA:209,1
DA:210,1
DA:212,1
DA:213,1
DA:214,1
DA:215,1
DA:216,1
DA:218,1
DA:219,1
DA:220,1
DA:221,1
DA:222,1
DA:224,1
DA:225,1
DA:226,1
DA:227,1
DA:228,1
DA:229,1
LF:182
LH:182
BRDA:14,0,0,1
BRDA:15,1,0,1
BRDA:22,2,0,1
BRDA:25,3,0,1
BRDA:28,4,0,1
BRDA:31,5,0,1
BRDA:34,6,0,1
BRDA:37,7,0,1
BRDA:41,8,0,1
BRDA:42,9,0,1
BRDA:48,10,0,1
BRDA:54,11,0,1
BRDA:60,12,0,1
BRDA:66,13,0,1
BRDA:73,14,0,1
BRDA:74,15,0,1
BRDA:79,16,0,1
BRDA:83,17,0,1
BRDA:88,18,0,1
BRDA:93,19,0,1
BRDA:94,20,0,1
BRDA:99,21,0,1
BRDA:104,22,0,1
BRDA:109,23,0,1
BRDA:110,24,0,1
BRDA:115,25,0,1
BRDA:120,26,0,1
BRDA:125,27,0,1
BRDA:130,28,0,1
BRDA:135,29,0,1
BRDA:140,30,0,1
BRDA:145,31,0,1
BRDA:146,32,0,1
BRDA:151,33,0,1
BRDA:156,34,0,1
BRDA:163,35,0,1
BRDA:168,36,0,1
BRDA:169,37,0,1
BRDA:180,38,0,1
BRDA:186,39,0,1
BRDA:192,40,0,1
BRDA:198,41,0,1
BRDA:205,42,0,1
BRDA:206,43,0,1
BRDA:212,44,0,1
BRDA:218,45,0,1
BRDA:224,46,0,1
BRF:47
BRH:47
end_of_record
TN:
SF:src/utils/apiResponse.ts
FN:4,parseApiResponse
FN:40,handleApiError
FN:63,isApiError
FN:72,extractErrorCode
FN:82,shouldRetry
FN:98,formatErrorMessage
FN:117,parsePaginationParams
FN:144,parseFilterParams
FNF:8
FNH:8
FNDA:4,parseApiResponse
FNDA:5,handleApiError
FNDA:4,isApiError
FNDA:3,extractErrorCode
FNDA:7,shouldRetry
FNDA:4,formatErrorMessage
FNDA:5,parsePaginationParams
FNDA:4,parseFilterParams
DA:1,1
DA:4,1
DA:5,4
DA:6,4
DA:7,4
DA:8,4
DA:10,4
DA:11,0
DA:12,0
DA:13,0
DA:14,0
DA:15,0
DA:16,0
DA:17,0
DA:20,4
DA:21,3
DA:22,3
DA:23,2
DA:24,2
DA:25,1
DA:26,3
DA:27,3
DA:29,1
DA:30,1
DA:31,1
DA:32,4
DA:33,0
DA:34,0
DA:35,0
DA:36,0
DA:37,0
DA:38,4
DA:40,1
DA:41,5
DA:42,1
DA:43,1
DA:45,4
DA:47,5
DA:48,1
DA:49,1
DA:51,5
DA:52,2
DA:53,2
DA:54,1
DA:55,0
DA:56,0
DA:57,2
DA:58,2
DA:60,5
DA:61,5
DA:63,1
DA:64,4
DA:65,4
DA:66,3
DA:67,2
DA:68,1
DA:70,4
DA:72,1
DA:73,3
DA:75,3
DA:76,1
DA:77,1
DA:79,2
DA:80,2
DA:82,1
DA:83,7
DA:85,7
DA:86,1
DA:87,1
DA:89,7
DA:90,1
DA:91,1
DA:93,5
DA:95,7
DA:96,7
DA:98,1
DA:99,4
DA:100,1
DA:101,1
DA:103,3
DA:105,4
DA:106,1
DA:107,1
DA:109,2
DA:110,2
DA:111,2
DA:112,2
DA:114,0
DA:115,4
DA:117,1
DA:122,5
DA:123,5
DA:125,5
DA:126,2
DA:127,2
DA:129,5
DA:130,1
DA:131,1
DA:133,5
DA:134,1
DA:135,1
DA:137,5
DA:138,2
DA:139,2
DA:141,5
DA:142,5
DA:144,1
DA:145,4
DA:147,4
DA:148,5
DA:149,2
DA:150,5
DA:151,3
DA:152,3
DA:153,4
DA:155,4
DA:156,4
LF:117
LH:102
BRDA:4,0,0,4
BRDA:10,1,0,0
BRDA:20,2,0,3
BRDA:22,3,0,1
BRDA:22,4,0,2
BRDA:23,5,0,0
BRDA:23,6,0,2
BRDA:24,7,0,1
BRDA:27,8,0,1
BRDA:32,9,0,0
BRDA:40,10,0,5
BRDA:41,11,0,1
BRDA:43,12,0,4
BRDA:47,13,0,3
BRDA:47,14,0,1
BRDA:49,15,0,3
BRDA:51,16,0,2
BRDA:53,17,0,1
BRDA:54,18,0,0
BRDA:55,19,0,0
BRDA:58,20,0,1
BRDA:60,21,0,0
BRDA:63,22,0,4
BRDA:65,23,0,3
BRDA:66,24,0,2
BRDA:67,25,0,1
BRDA:72,26,0,3
BRDA:75,27,0,1
BRDA:75,28,0,1
BRDA:77,29,0,2
BRDA:82,30,0,7
BRDA:85,31,0,1
BRDA:87,32,0,6
BRDA:89,33,0,1
BRDA:91,34,0,5
BRDA:95,35,0,4
BRDA:95,36,0,3
BRDA:98,37,0,4
BRDA:99,38,0,1
BRDA:101,39,0,3
BRDA:105,40,0,2
BRDA:105,41,0,1
BRDA:107,42,0,2
BRDA:111,43,0,1
BRDA:111,44,0,0
BRDA:111,45,0,0
BRDA:112,46,0,0
BRDA:117,47,0,5
BRDA:125,48,0,2
BRDA:129,49,0,1
BRDA:133,50,0,1
BRDA:137,51,0,2
BRDA:144,52,0,4
BRDA:147,53,0,5
BRDA:148,54,0,2
BRDA:150,55,0,3
BRDA:149,56,0,5
BRF:57
BRH:48
end_of_record
TN:
SF:src/utils/sse.test.ts
FN:5,<instance_members_initializer>
FN:8,<static_initializer>
FN:14,MockEventSource
FN:18,addEventListener
FN:25,removeEventListener
FN:32,dispatchEvent
FN:39,close
FN:44,simulateMessage
FN:49,simulateError
FN:54,simulateOpen
FNF:10
FNH:9
FNDA:27,<instance_members_initializer>
FNDA:1,<static_initializer>
FNDA:27,MockEventSource
FNDA:81,addEventListener
FNDA:0,removeEventListener
FNDA:20,dispatchEvent
FNDA:27,close
FNDA:8,simulateMessage
FNDA:8,simulateError
FNDA:4,simulateOpen
DA:1,1
DA:2,1
DA:5,27
DA:6,27
DA:7,27
DA:8,27
DA:10,27
DA:11,27
DA:12,27
DA:14,27
DA:15,27
DA:16,27
DA:18,27
DA:19,81
DA:20,81
DA:21,81
DA:22,81
DA:23,81
DA:25,27
DA:26,0
DA:27,0
DA:28,0
DA:29,0
DA:30,0
DA:32,27
DA:33,20
DA:34,20
DA:35,20
DA:36,20
DA:37,20
DA:39,27
DA:40,27
DA:41,27
DA:44,27
DA:45,8
DA:46,8
DA:47,8
DA:49,27
DA:50,8
DA:51,8
DA:52,8
DA:54,27
DA:55,4
DA:56,4
DA:57,4
DA:58,4
DA:59,27
DA:61,1
DA:63,1
DA:64,1
DA:65,1
DA:67,1
DA:68,21
DA:69,21
DA:70,21
DA:71,1
DA:73,1
DA:74,21
DA:75,21
DA:76,1
DA:78,1
DA:79,1
DA:80,1
DA:81,1
DA:82,1
DA:84,1
DA:85,1
DA:86,1
DA:87,1
DA:88,1
DA:89,1
DA:90,1
DA:92,1
DA:93,1
DA:94,1
DA:95,1
DA:96,1
DA:97,1
DA:98,1
DA:100,1
DA:101,1
DA:102,1
DA:103,1
DA:104,1
DA:105,1
DA:107,1
DA:108,1
DA:109,1
DA:110,1
DA:112,1
DA:113,1
DA:114,1
DA:115,1
DA:116,1
DA:117,1
DA:118,1
DA:119,1
DA:120,1
DA:122,1
DA:123,1
DA:124,1
DA:125,1
DA:126,1
DA:127,1
DA:128,1
DA:129,1
DA:131,1
DA:132,1
DA:133,1
DA:134,1
DA:135,1
DA:136,1
DA:137,1
DA:138,1
DA:139,1
DA:140,1
DA:142,1
DA:143,1
DA:144,1
DA:145,1
DA:146,1
DA:147,1
DA:148,1
DA:150,1
DA:151,1
DA:152,1
DA:153,1
DA:154,1
DA:155,1
DA:156,1
DA:158,1
DA:159,1
DA:160,1
DA:161,1
DA:162,1
DA:163,1
DA:164,1
DA:166,1
DA:167,1
DA:168,1
DA:169,1
DA:170,1
DA:171,1
DA:172,1
DA:173,1
DA:174,1
DA:175,1
DA:177,1
DA:178,1
DA:179,1
DA:180,1
DA:181,1
DA:182,1
DA:183,1
DA:184,1
DA:185,1
DA:186,1
DA:188,1
DA:189,1
DA:190,1
DA:191,1
DA:193,1
DA:194,1
DA:195,1
DA:196,1
DA:197,1
DA:199,1
DA:200,1
DA:201,1
DA:202,1
DA:203,1
DA:204,1
DA:205,1
DA:207,1
DA:208,1
DA:209,1
DA:210,1
DA:211,1
DA:212,1
DA:213,1
DA:214,1
DA:216,1
DA:217,1
DA:218,1
DA:219,1
DA:220,6
DA:221,6
DA:222,6
DA:223,1
DA:224,1
DA:225,1
DA:227,1
DA:228,1
DA:229,1
DA:230,1
DA:231,1
DA:232,1
DA:233,1
DA:234,1
DA:236,1
DA:237,1
DA:238,1
DA:239,1
DA:240,1
DA:241,1
DA:242,1
DA:243,1
DA:245,1
DA:246,1
DA:247,1
DA:249,1
DA:250,1
DA:251,1
DA:252,1
DA:253,1
DA:254,1
DA:255,1
DA:257,1
DA:258,1
DA:259,1
DA:260,1
DA:261,1
DA:262,1
DA:264,1
DA:265,1
DA:266,1
DA:267,1
DA:268,1
DA:270,1
DA:271,1
DA:272,1
DA:273,1
DA:275,1
DA:276,1
DA:277,1
DA:278,1
DA:280,1
DA:281,1
DA:282,1
DA:283,1
DA:285,1
DA:286,1
DA:287,1
DA:288,1
DA:290,1
DA:291,1
DA:292,1
DA:293,1
DA:295,1
DA:296,1
DA:297,1
DA:298,1
DA:299,1
DA:300,1
DA:301,1
DA:302,1
DA:303,1
DA:304,1
DA:305,1
DA:306,1
DA:307,1
DA:308,1
DA:310,1
DA:311,1
DA:312,1
DA:313,1
DA:314,1
DA:316,1
DA:317,1
DA:318,1
DA:319,1
DA:321,1
DA:322,1
DA:323,1
DA:324,1
DA:325,1
LF:276
LH:271
BRDA:5,0,0,27
BRDA:8,1,0,1
BRDA:14,2,0,27
BRDA:18,3,0,81
BRDA:32,4,0,20
BRDA:35,5,0,20
BRDA:39,6,0,27
BRDA:44,7,0,8
BRDA:49,8,0,8
BRDA:54,9,0,4
BRDA:63,10,0,1
BRDA:67,11,0,21
BRDA:73,12,0,21
BRDA:78,13,0,1
BRDA:79,14,0,1
BRDA:84,15,0,1
BRDA:92,16,0,1
BRDA:100,17,0,1
BRDA:101,18,0,1
BRDA:107,19,0,1
BRDA:108,20,0,1
BRDA:112,21,0,1
BRDA:113,22,0,1
BRDA:122,23,0,1
BRDA:131,24,0,1
BRDA:142,25,0,1
BRDA:150,26,0,1
BRDA:158,27,0,1
BRDA:166,28,0,1
BRDA:177,29,0,1
BRDA:178,30,0,1
BRDA:188,31,0,1
BRDA:189,32,0,1
BRDA:193,33,0,1
BRDA:199,34,0,1
BRDA:207,35,0,1
BRDA:208,36,0,1
BRDA:216,37,0,1
BRDA:219,38,0,6
BRDA:217,39,0,7
BRDA:227,40,0,1
BRDA:236,41,0,1
BRDA:237,42,0,1
BRDA:245,43,0,1
BRDA:246,44,0,1
BRDA:257,45,0,1
BRDA:258,46,0,1
BRDA:264,47,0,1
BRDA:265,48,0,1
BRDA:270,49,0,1
BRDA:275,50,0,1
BRDA:280,51,0,1
BRDA:285,52,0,1
BRDA:290,53,0,1
BRDA:295,54,0,1
BRDA:310,55,0,1
BRDA:311,56,0,1
BRDA:316,57,0,1
BRDA:321,58,0,1
BRF:59
BRH:59
end_of_record
TN:
SF:src/utils/sse.ts
FN:1,<instance_members_initializer>
FN:8,SSEClient
FN:10,connect
FN:34,disconnect
FN:41,on
FN:57,once
FN:64,handleMessage
FN:79,handleReconnect
FN:96,isConnected
FN:101,createSSEClient
FN:105,createLogsSSEUrl
FN:142,createMetricsSSEUrl
FNF:12
FNH:12
FNDA:22,<instance_members_initializer>
FNDA:22,SSEClient
FNDA:28,connect
FNDA:52,disconnect
FNDA:11,on
FNDA:1,once
FNDA:9,handleMessage
FNDA:8,handleReconnect
FNDA:5,isConnected
FNDA:1,createSSEClient
FNDA:7,createLogsSSEUrl
FNDA:3,createMetricsSSEUrl
DA:1,1
DA:2,22
DA:3,22
DA:4,22
DA:5,22
DA:6,22
DA:8,22
DA:10,22
DA:11,28
DA:12,1
DA:13,1
DA:15,27
DA:17,27
DA:19,27
DA:20,8
DA:21,27
DA:23,27
DA:24,8
DA:25,8
DA:26,27
DA:28,27
DA:29,4
DA:30,4
DA:31,27
DA:32,28
DA:34,22
DA:35,52
DA:36,27
DA:37,27
DA:38,27
DA:39,52
DA:41,22
DA:42,11
DA:43,9
DA:44,9
DA:46,11
DA:47,11
DA:49,11
DA:50,5
DA:51,5
DA:52,4
DA:53,4
DA:54,5
DA:55,11
DA:57,22
DA:58,1
DA:59,1
DA:60,1
DA:61,1
DA:62,1
DA:64,22
DA:65,9
DA:66,9
DA:68,9
DA:69,9
DA:71,9
DA:72,6
DA:73,6
DA:74,9
DA:75,1
DA:76,1
DA:77,9
DA:79,22
DA:80,8
DA:81,1
DA:82,1
DA:83,1
DA:84,1
DA:86,7
DA:88,7
DA:89,7
DA:91,7
DA:92,7
DA:93,7
DA:94,8
DA:96,22
DA:97,5
DA:98,5
DA:99,22
DA:101,1
DA:102,1
DA:103,1
DA:105,1
DA:106,7
DA:107,7
DA:108,7
DA:109,7
DA:115,7
DA:116,7
DA:117,7
DA:119,7
DA:120,2
DA:121,2
DA:123,7
DA:124,2
DA:125,2
DA:127,7
DA:128,2
DA:129,2
DA:131,7
DA:132,2
DA:133,2
DA:135,7
DA:136,2
DA:137,2
DA:139,7
DA:140,7
DA:142,1
DA:143,3
DA:144,3
DA:145,3
DA:146,3
DA:147,3
DA:148,3
DA:150,3
DA:151,2
DA:152,2
DA:154,3
DA:155,3
LF:119
LH:119
BRDA:1,0,0,22
BRDA:8,1,0,22
BRDA:10,2,0,28
BRDA:11,3,0,9
BRDA:11,4,0,1
BRDA:13,5,0,27
BRDA:19,6,0,8
BRDA:23,7,0,8
BRDA:28,8,0,4
BRDA:34,9,0,52
BRDA:35,10,0,27
BRDA:41,11,0,11
BRDA:42,12,0,9
BRDA:49,13,0,5
BRDA:51,14,0,4
BRDA:57,15,0,1
BRDA:58,16,0,1
BRDA:64,17,0,9
BRDA:68,18,0,1
BRDA:71,19,0,6
BRDA:74,20,0,1
BRDA:72,21,0,7
BRDA:79,22,0,8
BRDA:80,23,0,1
BRDA:84,24,0,7
BRDA:91,25,0,7
BRDA:96,26,0,5
BRDA:97,27,0,2
BRDA:101,28,0,1
BRDA:105,29,0,7
BRDA:119,30,0,2
BRDA:123,31,0,5
BRDA:123,32,0,2
BRDA:127,33,0,5
BRDA:127,34,0,2
BRDA:131,35,0,5
BRDA:131,36,0,2
BRDA:135,37,0,5
BRDA:135,38,0,2
BRDA:142,39,0,3
BRDA:150,40,0,2
BRF:41
BRH:41
end_of_record
